<?xml version="1.0" encoding="UTF-8"?>
<testng-results ignored="0" total="1" passed="1" failed="0" skipped="0">
  <reporter-output>
  </reporter-output>
  <suite started-at="2023-02-02T18:09:27 IST" name="Default suite" finished-at="2023-02-02T18:09:46 IST" duration-ms="18318">
    <groups>
    </groups>
    <test started-at="2023-02-02T18:09:27 IST" name="Default test" finished-at="2023-02-02T18:09:46 IST" duration-ms="18318">
      <class name="Automation.Script.FlipTest">
        <test-method is-config="true" signature="LunchBrowser()[pri:0, instance:Automation.Script.FlipTest@72967906]" started-at="2023-02-02T18:09:27 IST" name="LunchBrowser" finished-at="2023-02-02T18:09:34 IST" duration-ms="6169" status="PASS">
          <reporter-output>
          </reporter-output>
        </test-method> <!-- LunchBrowser -->
        <test-method is-config="true" signature="LogIn()[pri:0, instance:Automation.Script.FlipTest@72967906]" started-at="2023-02-02T18:09:34 IST" name="LogIn" finished-at="2023-02-02T18:09:40 IST" duration-ms="6369" status="PASS">
          <reporter-output>
          </reporter-output>
        </test-method> <!-- LogIn -->
        <test-method signature="Flipcart()[pri:0, instance:Automation.Script.FlipTest@72967906]" started-at="2023-02-02T18:09:40 IST" name="Flipcart" finished-at="2023-02-02T18:09:45 IST" duration-ms="5235" status="PASS">
          <reporter-output>
          </reporter-output>
        </test-method> <!-- Flipcart -->
        <test-method is-config="true" signature="Logout()[pri:0, instance:Automation.Script.FlipTest@72967906]" started-at="2023-02-02T18:09:45 IST" name="Logout" finished-at="2023-02-02T18:09:46 IST" duration-ms="409" status="PASS">
          <reporter-output>
          </reporter-output>
        </test-method> <!-- Logout -->
      </class> <!-- Automation.Script.FlipTest -->
    </test> <!-- Default test -->
  </suite> <!-- Default suite -->
</testng-results>
