<?xml version="1.0" encoding="UTF-8"?>
<testng-results ignored="0" total="1" passed="1" failed="0" skipped="0">
  <reporter-output>
  </reporter-output>
  <suite started-at="2023-02-03T22:05:46 IST" name="Default suite" finished-at="2023-02-03T22:06:04 IST" duration-ms="18311">
    <groups>
    </groups>
    <test started-at="2023-02-03T22:05:46 IST" name="Default test" finished-at="2023-02-03T22:06:04 IST" duration-ms="18311">
      <class name="Automation.Script.FlipTest">
        <test-method is-config="true" signature="LunchBrowser()[pri:0, instance:Automation.Script.FlipTest@2794eab6]" started-at="2023-02-03T22:05:46 IST" name="LunchBrowser" finished-at="2023-02-03T22:05:54 IST" duration-ms="8392" status="PASS">
          <reporter-output>
          </reporter-output>
        </test-method> <!-- LunchBrowser -->
        <test-method is-config="true" signature="LogIn()[pri:0, instance:Automation.Script.FlipTest@2794eab6]" started-at="2023-02-03T22:05:54 IST" name="LogIn" finished-at="2023-02-03T22:05:58 IST" duration-ms="3472" status="PASS">
          <reporter-output>
          </reporter-output>
        </test-method> <!-- LogIn -->
        <test-method signature="Flipcart()[pri:0, instance:Automation.Script.FlipTest@2794eab6]" started-at="2023-02-03T22:05:58 IST" name="Flipcart" finished-at="2023-02-03T22:06:03 IST" duration-ms="5580" status="PASS">
          <reporter-output>
          </reporter-output>
        </test-method> <!-- Flipcart -->
        <test-method is-config="true" signature="Logout()[pri:0, instance:Automation.Script.FlipTest@2794eab6]" started-at="2023-02-03T22:06:03 IST" name="Logout" finished-at="2023-02-03T22:06:04 IST" duration-ms="740" status="PASS">
          <reporter-output>
          </reporter-output>
        </test-method> <!-- Logout -->
      </class> <!-- Automation.Script.FlipTest -->
    </test> <!-- Default test -->
  </suite> <!-- Default suite -->
</testng-results>
